{"D:\\WEB\\VUE\\genesis\\Front-end_School_HW_1\\src\\api\\rapidapi.ts": {"path":"D:\\WEB\\VUE\\genesis\\Front-end_School_HW_1\\src\\api\\rapidapi.ts","statementMap":{"0":{"start":{"line":1,"column":14},"end":{"line":1,"column":null}},"1":{"start":{"line":3,"column":19},"end":{"line":3,"column":null}},"2":{"start":{"line":4,"column":12},"end":{"line":4,"column":null}},"3":{"start":{"line":5,"column":17},"end":{"line":5,"column":null}},"4":{"start":{"line":7,"column":15},"end":{"line":7,"column":null}},"5":{"start":{"line":9,"column":19},"end":{"line":9,"column":null}},"6":{"start":{"line":14,"column":20},"end":{"line":14,"column":25}}},"fnMap":{},"branchMap":{},"s":{"0":6,"1":6,"2":6,"3":6,"4":6,"5":6,"6":6},"f":{},"b":{}}
,"D:\\WEB\\VUE\\genesis\\Front-end_School_HW_1\\src\\components\\Card.vue": {"path":"D:\\WEB\\VUE\\genesis\\Front-end_School_HW_1\\src\\components\\Card.vue","statementMap":{"0":{"start":{"line":119,"column":0},"end":{"line":119,"column":null}},"1":{"start":{"line":121,"column":0},"end":{"line":121,"column":null}},"2":{"start":{"line":135,"column":0},"end":{"line":135,"column":null}},"3":{"start":{"line":147,"column":0},"end":{"line":147,"column":null}},"4":{"start":{"line":148,"column":0},"end":{"line":148,"column":null}},"5":{"start":{"line":149,"column":0},"end":{"line":149,"column":null}},"6":{"start":{"line":151,"column":0},"end":{"line":165,"column":null}},"7":{"start":{"line":154,"column":0},"end":{"line":154,"column":null}},"8":{"start":{"line":155,"column":0},"end":{"line":165,"column":null}},"9":{"start":{"line":159,"column":0},"end":{"line":159,"column":null}},"10":{"start":{"line":160,"column":0},"end":{"line":165,"column":null}},"11":{"start":{"line":164,"column":0},"end":{"line":164,"column":null}},"12":{"start":{"line":171,"column":0},"end":{"line":171,"column":null}},"13":{"start":{"line":172,"column":0},"end":{"line":172,"column":null}},"14":{"start":{"line":178,"column":0},"end":{"line":178,"column":null}},"15":{"start":{"line":179,"column":0},"end":{"line":179,"column":null}},"16":{"start":{"line":180,"column":0},"end":{"line":180,"column":null}},"17":{"start":{"line":182,"column":0},"end":{"line":184,"column":null}},"18":{"start":{"line":183,"column":0},"end":{"line":183,"column":null}}},"fnMap":{"0":{"name":"(anonymous_1)","decl":{"start":{"line":134,"column":0},"end":{"line":134,"column":null}},"loc":{"start":{"line":134,"column":0},"end":{"line":143,"column":null}}},"1":{"name":"(anonymous_2)","decl":{"start":{"line":146,"column":0},"end":{"line":146,"column":null}},"loc":{"start":{"line":146,"column":0},"end":{"line":166,"column":null}}},"2":{"name":"(anonymous_3)","decl":{"start":{"line":170,"column":0},"end":{"line":170,"column":null}},"loc":{"start":{"line":170,"column":0},"end":{"line":173,"column":null}}},"3":{"name":"(anonymous_4)","decl":{"start":{"line":177,"column":0},"end":{"line":177,"column":null}},"loc":{"start":{"line":177,"column":0},"end":{"line":185,"column":null}}},"4":{"name":"(anonymous_5)","decl":{"start":{"line":182,"column":0},"end":{"line":182,"column":null}},"loc":{"start":{"line":182,"column":0},"end":{"line":184,"column":null}}}},"branchMap":{"0":{"loc":{"start":{"line":151,"column":0},"end":{"line":165,"column":null}},"type":"if","locations":[{"start":{"line":151,"column":0},"end":{"line":165,"column":null}},{"start":{"line":151,"column":0},"end":{"line":165,"column":null}}]},"1":{"loc":{"start":{"line":151,"column":0},"end":{"line":151,"column":null}},"type":"binary-expr","locations":[{"start":{"line":151,"column":0},"end":{"line":151,"column":null}},{"start":{"line":151,"column":0},"end":{"line":151,"column":null}}]},"2":{"loc":{"start":{"line":154,"column":0},"end":{"line":154,"column":null}},"type":"cond-expr","locations":[{"start":{"line":154,"column":0},"end":{"line":154,"column":null}},{"start":{"line":154,"column":0},"end":{"line":154,"column":null}}]},"3":{"loc":{"start":{"line":155,"column":0},"end":{"line":165,"column":null}},"type":"if","locations":[{"start":{"line":155,"column":0},"end":{"line":165,"column":null}},{"start":{"line":155,"column":0},"end":{"line":165,"column":null}}]},"4":{"loc":{"start":{"line":155,"column":0},"end":{"line":155,"column":null}},"type":"binary-expr","locations":[{"start":{"line":155,"column":0},"end":{"line":155,"column":null}},{"start":{"line":155,"column":0},"end":{"line":155,"column":null}}]},"5":{"loc":{"start":{"line":159,"column":0},"end":{"line":159,"column":null}},"type":"cond-expr","locations":[{"start":{"line":159,"column":0},"end":{"line":159,"column":null}},{"start":{"line":159,"column":0},"end":{"line":159,"column":null}}]},"6":{"loc":{"start":{"line":160,"column":0},"end":{"line":165,"column":null}},"type":"if","locations":[{"start":{"line":160,"column":0},"end":{"line":165,"column":null}},{"start":{"line":160,"column":0},"end":{"line":165,"column":null}}]},"7":{"loc":{"start":{"line":160,"column":0},"end":{"line":160,"column":null}},"type":"binary-expr","locations":[{"start":{"line":160,"column":0},"end":{"line":160,"column":null}},{"start":{"line":160,"column":0},"end":{"line":160,"column":null}}]}},"s":{"0":2,"1":2,"2":16,"3":0,"4":0,"5":0,"6":0,"7":0,"8":0,"9":0,"10":0,"11":0,"12":16,"13":16,"14":16,"15":16,"16":16,"17":16,"18":0},"f":{"0":16,"1":0,"2":16,"3":16,"4":0},"b":{"0":[0,0],"1":[0,0],"2":[0,0],"3":[0,0],"4":[0,0],"5":[0,0],"6":[0,0],"7":[0,0]}}
,"D:\\WEB\\VUE\\genesis\\Front-end_School_HW_1\\src\\components\\Header.vue": {"path":"D:\\WEB\\VUE\\genesis\\Front-end_School_HW_1\\src\\components\\Header.vue","statementMap":{"0":{"start":{"line":39,"column":0},"end":{"line":39,"column":null}}},"fnMap":{},"branchMap":{},"s":{"0":1},"f":{},"b":{}}
,"D:\\WEB\\VUE\\genesis\\Front-end_School_HW_1\\src\\components\\Loader.vue": {"path":"D:\\WEB\\VUE\\genesis\\Front-end_School_HW_1\\src\\components\\Loader.vue","statementMap":{"0":{"start":{"line":17,"column":0},"end":{"line":17,"column":null}}},"fnMap":{},"branchMap":{},"s":{"0":5},"f":{},"b":{}}
,"D:\\WEB\\VUE\\genesis\\Front-end_School_HW_1\\src\\components\\SideBar.vue": {"path":"D:\\WEB\\VUE\\genesis\\Front-end_School_HW_1\\src\\components\\SideBar.vue","statementMap":{"0":{"start":{"line":76,"column":0},"end":{"line":76,"column":null}},"1":{"start":{"line":78,"column":0},"end":{"line":78,"column":null}},"2":{"start":{"line":87,"column":0},"end":{"line":87,"column":null}}},"fnMap":{"0":{"name":"(anonymous_1)","decl":{"start":{"line":86,"column":0},"end":{"line":86,"column":null}},"loc":{"start":{"line":86,"column":0},"end":{"line":88,"column":null}}}},"branchMap":{},"s":{"0":1,"1":1,"2":0},"f":{"0":0},"b":{}}
,"D:\\WEB\\VUE\\genesis\\Front-end_School_HW_1\\src\\components\\SmallVideo.vue": {"path":"D:\\WEB\\VUE\\genesis\\Front-end_School_HW_1\\src\\components\\SmallVideo.vue","statementMap":{"0":{"start":{"line":18,"column":0},"end":{"line":18,"column":null}},"1":{"start":{"line":20,"column":0},"end":{"line":20,"column":null}},"2":{"start":{"line":25,"column":0},"end":{"line":25,"column":null}}},"fnMap":{"0":{"name":"(anonymous_1)","decl":{"start":{"line":24,"column":0},"end":{"line":24,"column":null}},"loc":{"start":{"line":24,"column":0},"end":{"line":29,"column":null}}}},"branchMap":{},"s":{"0":2,"1":2,"2":1},"f":{"0":1},"b":{}}
,"D:\\WEB\\VUE\\genesis\\Front-end_School_HW_1\\src\\heplers\\shortNumber.filter.ts": {"path":"D:\\WEB\\VUE\\genesis\\Front-end_School_HW_1\\src\\heplers\\shortNumber.filter.ts","statementMap":{"0":{"start":{"line":2,"column":2},"end":{"line":5,"column":null}},"1":{"start":{"line":3,"column":21},"end":{"line":3,"column":null}},"2":{"start":{"line":4,"column":4},"end":{"line":4,"column":11}},"3":{"start":{"line":7,"column":2},"end":{"line":10,"column":null}},"4":{"start":{"line":8,"column":21},"end":{"line":8,"column":null}},"5":{"start":{"line":9,"column":4},"end":{"line":9,"column":11}},"6":{"start":{"line":12,"column":2},"end":{"line":15,"column":null}},"7":{"start":{"line":13,"column":21},"end":{"line":13,"column":null}},"8":{"start":{"line":14,"column":4},"end":{"line":14,"column":11}}},"fnMap":{"0":{"name":"shortNumber","decl":{"start":{"line":1,"column":24},"end":{"line":1,"column":36}},"loc":{"start":{"line":1,"column":50},"end":{"line":16,"column":null}}}},"branchMap":{"0":{"loc":{"start":{"line":2,"column":2},"end":{"line":5,"column":null}},"type":"if","locations":[{"start":{"line":2,"column":2},"end":{"line":5,"column":null}},{"start":{"line":2,"column":2},"end":{"line":5,"column":null}}]},"1":{"loc":{"start":{"line":7,"column":2},"end":{"line":10,"column":null}},"type":"if","locations":[{"start":{"line":7,"column":2},"end":{"line":10,"column":null}},{"start":{"line":7,"column":2},"end":{"line":10,"column":null}}]},"2":{"loc":{"start":{"line":7,"column":6},"end":{"line":7,"column":22}},"type":"binary-expr","locations":[{"start":{"line":7,"column":6},"end":{"line":7,"column":22}},{"start":{"line":7,"column":22},"end":{"line":7,"column":36}}]},"3":{"loc":{"start":{"line":12,"column":2},"end":{"line":15,"column":null}},"type":"if","locations":[{"start":{"line":12,"column":2},"end":{"line":15,"column":null}},{"start":{"line":12,"column":2},"end":{"line":15,"column":null}}]},"4":{"loc":{"start":{"line":12,"column":6},"end":{"line":12,"column":22}},"type":"binary-expr","locations":[{"start":{"line":12,"column":6},"end":{"line":12,"column":22}},{"start":{"line":12,"column":22},"end":{"line":12,"column":36}}]}},"s":{"0":4,"1":1,"2":1,"3":3,"4":1,"5":1,"6":2,"7":2,"8":2},"f":{"0":4},"b":{"0":[1,3],"1":[1,2],"2":[3,3],"3":[2,0],"4":[2,2]}}
,"D:\\WEB\\VUE\\genesis\\Front-end_School_HW_1\\src\\mixins\\PlayerMixins.vue": {"path":"D:\\WEB\\VUE\\genesis\\Front-end_School_HW_1\\src\\mixins\\PlayerMixins.vue","statementMap":{"0":{"start":{"line":2,"column":0},"end":{"line":2,"column":null}},"1":{"start":{"line":3,"column":0},"end":{"line":3,"column":null}},"2":{"start":{"line":8,"column":0},"end":{"line":8,"column":null}},"3":{"start":{"line":16,"column":0},"end":{"line":20,"column":null}},"4":{"start":{"line":17,"column":0},"end":{"line":17,"column":null}},"5":{"start":{"line":19,"column":0},"end":{"line":19,"column":null}},"6":{"start":{"line":23,"column":0},"end":{"line":23,"column":null}},"7":{"start":{"line":24,"column":0},"end":{"line":32,"column":null}},"8":{"start":{"line":25,"column":0},"end":{"line":25,"column":null}},"9":{"start":{"line":26,"column":0},"end":{"line":26,"column":null}},"10":{"start":{"line":27,"column":0},"end":{"line":27,"column":null}},"11":{"start":{"line":29,"column":0},"end":{"line":29,"column":null}},"12":{"start":{"line":30,"column":0},"end":{"line":30,"column":null}},"13":{"start":{"line":31,"column":0},"end":{"line":31,"column":null}},"14":{"start":{"line":35,"column":0},"end":{"line":35,"column":null}},"15":{"start":{"line":36,"column":0},"end":{"line":36,"column":null}},"16":{"start":{"line":37,"column":0},"end":{"line":37,"column":null}},"17":{"start":{"line":38,"column":0},"end":{"line":38,"column":null}},"18":{"start":{"line":41,"column":0},"end":{"line":41,"column":null}},"19":{"start":{"line":42,"column":0},"end":{"line":42,"column":null}},"20":{"start":{"line":43,"column":0},"end":{"line":43,"column":null}},"21":{"start":{"line":44,"column":0},"end":{"line":44,"column":null}},"22":{"start":{"line":47,"column":0},"end":{"line":47,"column":null}},"23":{"start":{"line":48,"column":0},"end":{"line":48,"column":null}},"24":{"start":{"line":49,"column":0},"end":{"line":49,"column":null}},"25":{"start":{"line":50,"column":0},"end":{"line":50,"column":null}},"26":{"start":{"line":51,"column":0},"end":{"line":51,"column":null}},"27":{"start":{"line":54,"column":0},"end":{"line":54,"column":null}},"28":{"start":{"line":55,"column":0},"end":{"line":55,"column":null}},"29":{"start":{"line":56,"column":0},"end":{"line":56,"column":null}},"30":{"start":{"line":59,"column":0},"end":{"line":59,"column":null}},"31":{"start":{"line":60,"column":0},"end":{"line":60,"column":null}},"32":{"start":{"line":61,"column":0},"end":{"line":61,"column":null}},"33":{"start":{"line":62,"column":0},"end":{"line":62,"column":null}},"34":{"start":{"line":65,"column":0},"end":{"line":65,"column":null}}},"fnMap":{"0":{"name":"(anonymous_1)","decl":{"start":{"line":7,"column":0},"end":{"line":7,"column":null}},"loc":{"start":{"line":7,"column":0},"end":{"line":13,"column":null}}},"1":{"name":"(anonymous_2)","decl":{"start":{"line":15,"column":0},"end":{"line":15,"column":null}},"loc":{"start":{"line":15,"column":0},"end":{"line":21,"column":null}}},"2":{"name":"(anonymous_3)","decl":{"start":{"line":22,"column":0},"end":{"line":22,"column":null}},"loc":{"start":{"line":22,"column":0},"end":{"line":33,"column":null}}},"3":{"name":"(anonymous_4)","decl":{"start":{"line":34,"column":0},"end":{"line":34,"column":null}},"loc":{"start":{"line":34,"column":0},"end":{"line":39,"column":null}}},"4":{"name":"(anonymous_5)","decl":{"start":{"line":40,"column":0},"end":{"line":40,"column":null}},"loc":{"start":{"line":40,"column":0},"end":{"line":45,"column":null}}},"5":{"name":"(anonymous_6)","decl":{"start":{"line":46,"column":0},"end":{"line":46,"column":null}},"loc":{"start":{"line":46,"column":0},"end":{"line":52,"column":null}}},"6":{"name":"(anonymous_7)","decl":{"start":{"line":53,"column":0},"end":{"line":53,"column":null}},"loc":{"start":{"line":53,"column":0},"end":{"line":57,"column":null}}},"7":{"name":"(anonymous_8)","decl":{"start":{"line":58,"column":0},"end":{"line":58,"column":null}},"loc":{"start":{"line":58,"column":0},"end":{"line":63,"column":null}}},"8":{"name":"(anonymous_9)","decl":{"start":{"line":64,"column":0},"end":{"line":64,"column":null}},"loc":{"start":{"line":64,"column":0},"end":{"line":66,"column":null}}}},"branchMap":{"0":{"loc":{"start":{"line":16,"column":0},"end":{"line":20,"column":null}},"type":"if","locations":[{"start":{"line":16,"column":0},"end":{"line":20,"column":null}},{"start":{"line":16,"column":0},"end":{"line":20,"column":null}}]},"1":{"loc":{"start":{"line":24,"column":0},"end":{"line":32,"column":null}},"type":"if","locations":[{"start":{"line":24,"column":0},"end":{"line":32,"column":null}},{"start":{"line":24,"column":0},"end":{"line":32,"column":null}}]},"2":{"loc":{"start":{"line":54,"column":0},"end":{"line":54,"column":null}},"type":"binary-expr","locations":[{"start":{"line":54,"column":0},"end":{"line":54,"column":null}},{"start":{"line":54,"column":0},"end":{"line":54,"column":null}}]},"3":{"loc":{"start":{"line":59,"column":0},"end":{"line":59,"column":null}},"type":"binary-expr","locations":[{"start":{"line":59,"column":0},"end":{"line":59,"column":null}},{"start":{"line":59,"column":0},"end":{"line":59,"column":null}}]},"4":{"loc":{"start":{"line":61,"column":0},"end":{"line":61,"column":null}},"type":"cond-expr","locations":[{"start":{"line":61,"column":0},"end":{"line":61,"column":null}},{"start":{"line":61,"column":0},"end":{"line":61,"column":null}}]},"5":{"loc":{"start":{"line":62,"column":0},"end":{"line":62,"column":null}},"type":"cond-expr","locations":[{"start":{"line":62,"column":0},"end":{"line":62,"column":null}},{"start":{"line":62,"column":0},"end":{"line":62,"column":null}}]}},"s":{"0":4,"1":4,"2":34,"3":1,"4":1,"5":0,"6":1,"7":1,"8":0,"9":0,"10":0,"11":1,"12":1,"13":1,"14":2,"15":2,"16":2,"17":2,"18":3,"19":3,"20":3,"21":3,"22":0,"23":0,"24":0,"25":0,"26":0,"27":1,"28":1,"29":1,"30":22,"31":22,"32":22,"33":22,"34":1},"f":{"0":34,"1":1,"2":1,"3":2,"4":3,"5":0,"6":1,"7":22,"8":1},"b":{"0":[1,0],"1":[0,1],"2":[1,0],"3":[22,0],"4":[22,0],"5":[22,0]}}
,"D:\\WEB\\VUE\\genesis\\Front-end_School_HW_1\\src\\services\\getTrandingFeed.ts": {"path":"D:\\WEB\\VUE\\genesis\\Front-end_School_HW_1\\src\\services\\getTrandingFeed.ts","statementMap":{"0":{"start":{"line":1,"column":0},"end":{"line":1,"column":null}},"1":{"start":{"line":2,"column":17},"end":{"line":2,"column":25}},"2":{"start":{"line":4,"column":31},"end":{"line":17,"column":null}},"3":{"start":{"line":5,"column":2},"end":{"line":16,"column":null}},"4":{"start":{"line":6,"column":4},"end":{"line":6,"column":11}},"5":{"start":{"line":9,"column":4},"end":{"line":9,"column":10}},"6":{"start":{"line":10,"column":6},"end":{"line":10,"column":13}},"7":{"start":{"line":13,"column":4},"end":{"line":13,"column":11}},"8":{"start":{"line":14,"column":6},"end":{"line":14,"column":13}}},"fnMap":{"0":{"name":"(anonymous_0)","decl":{"start":{"line":4,"column":31},"end":{"line":4,"column":42}},"loc":{"start":{"line":4,"column":42},"end":{"line":17,"column":null}}},"1":{"name":"(anonymous_1)","decl":{"start":{"line":9,"column":43},"end":{"line":9,"column":55}},"loc":{"start":{"line":9,"column":55},"end":{"line":11,"column":null}}},"2":{"name":"(anonymous_2)","decl":{"start":{"line":13,"column":34},"end":{"line":13,"column":39}},"loc":{"start":{"line":13,"column":39},"end":{"line":15,"column":null}}}},"branchMap":{},"s":{"0":3,"1":3,"2":3,"3":1,"4":1,"5":0,"6":0,"7":0,"8":0},"f":{"0":1,"1":0,"2":0},"b":{}}
,"D:\\WEB\\VUE\\genesis\\Front-end_School_HW_1\\src\\services\\getUserFeed.ts": {"path":"D:\\WEB\\VUE\\genesis\\Front-end_School_HW_1\\src\\services\\getUserFeed.ts","statementMap":{"0":{"start":{"line":1,"column":0},"end":{"line":1,"column":null}},"1":{"start":{"line":2,"column":28},"end":{"line":2,"column":36}},"2":{"start":{"line":4,"column":27},"end":{"line":17,"column":null}},"3":{"start":{"line":5,"column":2},"end":{"line":16,"column":null}},"4":{"start":{"line":6,"column":4},"end":{"line":6,"column":11}},"5":{"start":{"line":9,"column":4},"end":{"line":9,"column":10}},"6":{"start":{"line":10,"column":6},"end":{"line":10,"column":13}},"7":{"start":{"line":13,"column":4},"end":{"line":13,"column":11}},"8":{"start":{"line":14,"column":6},"end":{"line":14,"column":13}}},"fnMap":{"0":{"name":"(anonymous_0)","decl":{"start":{"line":4,"column":27},"end":{"line":4,"column":34}},"loc":{"start":{"line":4,"column":54},"end":{"line":17,"column":null}}},"1":{"name":"(anonymous_1)","decl":{"start":{"line":9,"column":50},"end":{"line":9,"column":62}},"loc":{"start":{"line":9,"column":62},"end":{"line":11,"column":null}}},"2":{"name":"(anonymous_2)","decl":{"start":{"line":13,"column":34},"end":{"line":13,"column":39}},"loc":{"start":{"line":13,"column":39},"end":{"line":15,"column":null}}}},"branchMap":{},"s":{"0":2,"1":2,"2":2,"3":1,"4":1,"5":0,"6":0,"7":0,"8":0},"f":{"0":1,"1":0,"2":0},"b":{}}
,"D:\\WEB\\VUE\\genesis\\Front-end_School_HW_1\\src\\services\\getUserInfo.ts": {"path":"D:\\WEB\\VUE\\genesis\\Front-end_School_HW_1\\src\\services\\getUserInfo.ts","statementMap":{"0":{"start":{"line":1,"column":0},"end":{"line":1,"column":null}},"1":{"start":{"line":2,"column":21},"end":{"line":2,"column":29}},"2":{"start":{"line":4,"column":27},"end":{"line":17,"column":null}},"3":{"start":{"line":5,"column":2},"end":{"line":16,"column":null}},"4":{"start":{"line":6,"column":4},"end":{"line":6,"column":11}},"5":{"start":{"line":9,"column":4},"end":{"line":9,"column":10}},"6":{"start":{"line":10,"column":8},"end":{"line":10,"column":15}},"7":{"start":{"line":13,"column":4},"end":{"line":13,"column":11}},"8":{"start":{"line":14,"column":6},"end":{"line":14,"column":13}}},"fnMap":{"0":{"name":"(anonymous_0)","decl":{"start":{"line":4,"column":27},"end":{"line":4,"column":34}},"loc":{"start":{"line":4,"column":54},"end":{"line":17,"column":null}}},"1":{"name":"(anonymous_1)","decl":{"start":{"line":9,"column":50},"end":{"line":9,"column":62}},"loc":{"start":{"line":9,"column":62},"end":{"line":11,"column":null}}},"2":{"name":"(anonymous_2)","decl":{"start":{"line":13,"column":34},"end":{"line":13,"column":39}},"loc":{"start":{"line":13,"column":39},"end":{"line":15,"column":null}}}},"branchMap":{},"s":{"0":2,"1":2,"2":2,"3":1,"4":1,"5":0,"6":0,"7":0,"8":0},"f":{"0":1,"1":0,"2":0},"b":{}}
,"D:\\WEB\\VUE\\genesis\\Front-end_School_HW_1\\src\\store\\error\\getters.ts": {"path":"D:\\WEB\\VUE\\genesis\\Front-end_School_HW_1\\src\\store\\error\\getters.ts","statementMap":{"0":{"start":{"line":3,"column":23},"end":{"line":3,"column":null}},"1":{"start":{"line":4,"column":23},"end":{"line":4,"column":null}}},"fnMap":{"0":{"name":"(anonymous_0)","decl":{"start":{"line":4,"column":10},"end":{"line":4,"column":23}},"loc":{"start":{"line":4,"column":23},"end":{"line":4,"column":null}}}},"branchMap":{},"s":{"0":2,"1":4},"f":{"0":4},"b":{}}
,"D:\\WEB\\VUE\\genesis\\Front-end_School_HW_1\\src\\store\\error\\index.ts": {"path":"D:\\WEB\\VUE\\genesis\\Front-end_School_HW_1\\src\\store\\error\\index.ts","statementMap":{"0":{"start":{"line":1,"column":0},"end":{"line":1,"column":null}},"1":{"start":{"line":2,"column":0},"end":{"line":2,"column":null}},"2":{"start":{"line":3,"column":0},"end":{"line":3,"column":null}},"3":{"start":{"line":5,"column":15},"end":{"line":5,"column":null}}},"fnMap":{},"branchMap":{},"s":{"0":2,"1":2,"2":2,"3":2},"f":{},"b":{}}
,"D:\\WEB\\VUE\\genesis\\Front-end_School_HW_1\\src\\store\\error\\mutations.ts": {"path":"D:\\WEB\\VUE\\genesis\\Front-end_School_HW_1\\src\\store\\error\\mutations.ts","statementMap":{"0":{"start":{"line":3,"column":25},"end":{"line":3,"column":null}},"1":{"start":{"line":5,"column":4},"end":{"line":5,"column":9}},"2":{"start":{"line":8,"column":4},"end":{"line":8,"column":9}}},"fnMap":{"0":{"name":"(anonymous_0)","decl":{"start":{"line":4,"column":2},"end":{"line":4,"column":10}},"loc":{"start":{"line":4,"column":35},"end":{"line":6,"column":null}}},"1":{"name":"(anonymous_1)","decl":{"start":{"line":7,"column":2},"end":{"line":7,"column":12}},"loc":{"start":{"line":7,"column":25},"end":{"line":9,"column":null}}}},"branchMap":{},"s":{"0":2,"1":2,"2":1},"f":{"0":2,"1":1},"b":{}}
,"D:\\WEB\\VUE\\genesis\\Front-end_School_HW_1\\src\\store\\error\\state.ts": {"path":"D:\\WEB\\VUE\\genesis\\Front-end_School_HW_1\\src\\store\\error\\state.ts","statementMap":{"0":{"start":{"line":1,"column":21},"end":{"line":1,"column":null}}},"fnMap":{},"branchMap":{},"s":{"0":2},"f":{},"b":{}}
,"D:\\WEB\\VUE\\genesis\\Front-end_School_HW_1\\src\\store\\player\\actions.ts": {"path":"D:\\WEB\\VUE\\genesis\\Front-end_School_HW_1\\src\\store\\player\\actions.ts","statementMap":{"0":{"start":{"line":3,"column":23},"end":{"line":3,"column":null}},"1":{"start":{"line":5,"column":4},"end":{"line":11,"column":null}},"2":{"start":{"line":7,"column":6},"end":{"line":7,"column":null}},"3":{"start":{"line":9,"column":21},"end":{"line":9,"column":25}},"4":{"start":{"line":10,"column":6},"end":{"line":10,"column":12}},"5":{"start":{"line":12,"column":4},"end":{"line":17,"column":null}},"6":{"start":{"line":13,"column":31},"end":{"line":13,"column":null}},"7":{"start":{"line":14,"column":20},"end":{"line":14,"column":24}},"8":{"start":{"line":16,"column":6},"end":{"line":16,"column":12}},"9":{"start":{"line":21,"column":24},"end":{"line":21,"column":28}},"10":{"start":{"line":23,"column":4},"end":{"line":23,"column":16}},"11":{"start":{"line":24,"column":4},"end":{"line":24,"column":10}},"12":{"start":{"line":28,"column":21},"end":{"line":28,"column":25}},"13":{"start":{"line":30,"column":4},"end":{"line":30,"column":16}},"14":{"start":{"line":31,"column":4},"end":{"line":31,"column":10}}},"fnMap":{"0":{"name":"(anonymous_0)","decl":{"start":{"line":4,"column":2},"end":{"line":4,"column":17}},"loc":{"start":{"line":4,"column":48},"end":{"line":18,"column":null}}},"1":{"name":"(anonymous_1)","decl":{"start":{"line":20,"column":2},"end":{"line":20,"column":12}},"loc":{"start":{"line":20,"column":61},"end":{"line":25,"column":null}}},"2":{"name":"(anonymous_2)","decl":{"start":{"line":27,"column":2},"end":{"line":27,"column":11}},"loc":{"start":{"line":27,"column":58},"end":{"line":32,"column":null}}}},"branchMap":{"0":{"loc":{"start":{"line":5,"column":4},"end":{"line":11,"column":null}},"type":"if","locations":[{"start":{"line":5,"column":4},"end":{"line":11,"column":null}},{"start":{"line":5,"column":4},"end":{"line":11,"column":null}}]},"1":{"loc":{"start":{"line":7,"column":6},"end":{"line":7,"column":18}},"type":"binary-expr","locations":[{"start":{"line":7,"column":6},"end":{"line":7,"column":18}},{"start":{"line":7,"column":46},"end":{"line":7,"column":null}}]},"2":{"loc":{"start":{"line":12,"column":4},"end":{"line":17,"column":null}},"type":"if","locations":[{"start":{"line":12,"column":4},"end":{"line":17,"column":null}},{"start":{"line":12,"column":4},"end":{"line":17,"column":null}}]},"3":{"loc":{"start":{"line":13,"column":31},"end":{"line":13,"column":43}},"type":"binary-expr","locations":[{"start":{"line":13,"column":31},"end":{"line":13,"column":43}},{"start":{"line":13,"column":70},"end":{"line":13,"column":null}}]}},"s":{"0":3,"1":0,"2":0,"3":0,"4":0,"5":0,"6":0,"7":0,"8":0,"9":1,"10":1,"11":1,"12":1,"13":1,"14":1},"f":{"0":0,"1":1,"2":1},"b":{"0":[0,0],"1":[0,0],"2":[0,0],"3":[0,0]}}
,"D:\\WEB\\VUE\\genesis\\Front-end_School_HW_1\\src\\store\\player\\getters.ts": {"path":"D:\\WEB\\VUE\\genesis\\Front-end_School_HW_1\\src\\store\\player\\getters.ts","statementMap":{"0":{"start":{"line":3,"column":23},"end":{"line":3,"column":null}},"1":{"start":{"line":4,"column":28},"end":{"line":4,"column":null}},"2":{"start":{"line":5,"column":27},"end":{"line":5,"column":null}}},"fnMap":{"0":{"name":"(anonymous_0)","decl":{"start":{"line":4,"column":15},"end":{"line":4,"column":28}},"loc":{"start":{"line":4,"column":28},"end":{"line":4,"column":null}}},"1":{"name":"(anonymous_1)","decl":{"start":{"line":5,"column":14},"end":{"line":5,"column":27}},"loc":{"start":{"line":5,"column":27},"end":{"line":5,"column":null}}}},"branchMap":{},"s":{"0":3,"1":3,"2":3},"f":{"0":3,"1":3},"b":{}}
,"D:\\WEB\\VUE\\genesis\\Front-end_School_HW_1\\src\\store\\player\\index.ts": {"path":"D:\\WEB\\VUE\\genesis\\Front-end_School_HW_1\\src\\store\\player\\index.ts","statementMap":{"0":{"start":{"line":1,"column":0},"end":{"line":1,"column":null}},"1":{"start":{"line":2,"column":0},"end":{"line":2,"column":null}},"2":{"start":{"line":3,"column":0},"end":{"line":3,"column":null}},"3":{"start":{"line":4,"column":0},"end":{"line":4,"column":null}},"4":{"start":{"line":6,"column":15},"end":{"line":6,"column":null}}},"fnMap":{},"branchMap":{},"s":{"0":3,"1":3,"2":3,"3":3,"4":3},"f":{},"b":{}}
,"D:\\WEB\\VUE\\genesis\\Front-end_School_HW_1\\src\\store\\player\\mutations.ts": {"path":"D:\\WEB\\VUE\\genesis\\Front-end_School_HW_1\\src\\store\\player\\mutations.ts","statementMap":{"0":{"start":{"line":3,"column":25},"end":{"line":3,"column":null}},"1":{"start":{"line":5,"column":4},"end":{"line":5,"column":9}},"2":{"start":{"line":8,"column":4},"end":{"line":8,"column":9}}},"fnMap":{"0":{"name":"(anonymous_0)","decl":{"start":{"line":4,"column":2},"end":{"line":4,"column":11}},"loc":{"start":{"line":4,"column":40},"end":{"line":6,"column":null}}},"1":{"name":"(anonymous_1)","decl":{"start":{"line":7,"column":2},"end":{"line":7,"column":10}},"loc":{"start":{"line":7,"column":39},"end":{"line":9,"column":null}}}},"branchMap":{},"s":{"0":3,"1":2,"2":2},"f":{"0":2,"1":2},"b":{}}
,"D:\\WEB\\VUE\\genesis\\Front-end_School_HW_1\\src\\store\\player\\state.ts": {"path":"D:\\WEB\\VUE\\genesis\\Front-end_School_HW_1\\src\\store\\player\\state.ts","statementMap":{"0":{"start":{"line":1,"column":21},"end":{"line":1,"column":null}}},"fnMap":{},"branchMap":{},"s":{"0":3},"f":{},"b":{}}
,"D:\\WEB\\VUE\\genesis\\Front-end_School_HW_1\\src\\store\\trending\\actions.ts": {"path":"D:\\WEB\\VUE\\genesis\\Front-end_School_HW_1\\src\\store\\trending\\actions.ts","statementMap":{"0":{"start":{"line":2,"column":0},"end":{"line":2,"column":null}},"1":{"start":{"line":5,"column":23},"end":{"line":5,"column":null}},"2":{"start":{"line":7,"column":21},"end":{"line":7,"column":null}},"3":{"start":{"line":9,"column":4},"end":{"line":9,"column":16}},"4":{"start":{"line":10,"column":4},"end":{"line":10,"column":10}}},"fnMap":{"0":{"name":"(anonymous_0)","decl":{"start":{"line":6,"column":2},"end":{"line":6,"column":8}},"loc":{"start":{"line":6,"column":56},"end":{"line":11,"column":null}}}},"branchMap":{},"s":{"0":2,"1":2,"2":0,"3":0,"4":0},"f":{"0":0},"b":{}}
,"D:\\WEB\\VUE\\genesis\\Front-end_School_HW_1\\src\\store\\trending\\getters.ts": {"path":"D:\\WEB\\VUE\\genesis\\Front-end_School_HW_1\\src\\store\\trending\\getters.ts","statementMap":{"0":{"start":{"line":3,"column":23},"end":{"line":3,"column":null}},"1":{"start":{"line":4,"column":26},"end":{"line":4,"column":null}}},"fnMap":{"0":{"name":"(anonymous_0)","decl":{"start":{"line":4,"column":13},"end":{"line":4,"column":26}},"loc":{"start":{"line":4,"column":26},"end":{"line":4,"column":null}}}},"branchMap":{},"s":{"0":2,"1":6},"f":{"0":6},"b":{}}
,"D:\\WEB\\VUE\\genesis\\Front-end_School_HW_1\\src\\store\\trending\\index.ts": {"path":"D:\\WEB\\VUE\\genesis\\Front-end_School_HW_1\\src\\store\\trending\\index.ts","statementMap":{"0":{"start":{"line":1,"column":0},"end":{"line":1,"column":null}},"1":{"start":{"line":2,"column":0},"end":{"line":2,"column":null}},"2":{"start":{"line":3,"column":0},"end":{"line":3,"column":null}},"3":{"start":{"line":4,"column":0},"end":{"line":4,"column":null}},"4":{"start":{"line":6,"column":15},"end":{"line":6,"column":null}}},"fnMap":{},"branchMap":{},"s":{"0":2,"1":2,"2":2,"3":2,"4":2},"f":{},"b":{}}
,"D:\\WEB\\VUE\\genesis\\Front-end_School_HW_1\\src\\store\\trending\\mutations.ts": {"path":"D:\\WEB\\VUE\\genesis\\Front-end_School_HW_1\\src\\store\\trending\\mutations.ts","statementMap":{"0":{"start":{"line":4,"column":25},"end":{"line":4,"column":null}},"1":{"start":{"line":6,"column":4},"end":{"line":6,"column":9}},"2":{"start":{"line":9,"column":4},"end":{"line":9,"column":9}}},"fnMap":{"0":{"name":"(anonymous_0)","decl":{"start":{"line":5,"column":2},"end":{"line":5,"column":17}},"loc":{"start":{"line":5,"column":57},"end":{"line":7,"column":null}}},"1":{"name":"(anonymous_1)","decl":{"start":{"line":8,"column":2},"end":{"line":8,"column":19}},"loc":{"start":{"line":8,"column":32},"end":{"line":10,"column":null}}}},"branchMap":{},"s":{"0":2,"1":2,"2":1},"f":{"0":2,"1":1},"b":{}}
,"D:\\WEB\\VUE\\genesis\\Front-end_School_HW_1\\src\\store\\trending\\state.ts": {"path":"D:\\WEB\\VUE\\genesis\\Front-end_School_HW_1\\src\\store\\trending\\state.ts","statementMap":{"0":{"start":{"line":1,"column":21},"end":{"line":1,"column":null}}},"fnMap":{},"branchMap":{},"s":{"0":2},"f":{},"b":{}}
,"D:\\WEB\\VUE\\genesis\\Front-end_School_HW_1\\src\\store\\user\\actions.ts": {"path":"D:\\WEB\\VUE\\genesis\\Front-end_School_HW_1\\src\\store\\user\\actions.ts","statementMap":{"0":{"start":{"line":1,"column":0},"end":{"line":1,"column":null}},"1":{"start":{"line":2,"column":0},"end":{"line":2,"column":null}},"2":{"start":{"line":5,"column":23},"end":{"line":5,"column":null}},"3":{"start":{"line":7,"column":21},"end":{"line":7,"column":39}},"4":{"start":{"line":8,"column":4},"end":{"line":8,"column":16}},"5":{"start":{"line":9,"column":4},"end":{"line":9,"column":10}},"6":{"start":{"line":13,"column":21},"end":{"line":13,"column":39}},"7":{"start":{"line":14,"column":4},"end":{"line":14,"column":16}},"8":{"start":{"line":15,"column":4},"end":{"line":15,"column":10}}},"fnMap":{"0":{"name":"(anonymous_0)","decl":{"start":{"line":6,"column":2},"end":{"line":6,"column":8}},"loc":{"start":{"line":6,"column":66},"end":{"line":10,"column":null}}},"1":{"name":"(anonymous_1)","decl":{"start":{"line":12,"column":2},"end":{"line":12,"column":8}},"loc":{"start":{"line":12,"column":66},"end":{"line":16,"column":null}}}},"branchMap":{},"s":{"0":1,"1":1,"2":1,"3":0,"4":0,"5":0,"6":0,"7":0,"8":0},"f":{"0":0,"1":0},"b":{}}
,"D:\\WEB\\VUE\\genesis\\Front-end_School_HW_1\\src\\store\\user\\getters.ts": {"path":"D:\\WEB\\VUE\\genesis\\Front-end_School_HW_1\\src\\store\\user\\getters.ts","statementMap":{"0":{"start":{"line":3,"column":23},"end":{"line":3,"column":null}},"1":{"start":{"line":4,"column":22},"end":{"line":4,"column":null}},"2":{"start":{"line":5,"column":22},"end":{"line":5,"column":null}}},"fnMap":{"0":{"name":"(anonymous_0)","decl":{"start":{"line":4,"column":9},"end":{"line":4,"column":22}},"loc":{"start":{"line":4,"column":22},"end":{"line":4,"column":null}}},"1":{"name":"(anonymous_1)","decl":{"start":{"line":5,"column":9},"end":{"line":5,"column":22}},"loc":{"start":{"line":5,"column":22},"end":{"line":5,"column":null}}}},"branchMap":{},"s":{"0":2,"1":2,"2":2},"f":{"0":2,"1":2},"b":{}}
,"D:\\WEB\\VUE\\genesis\\Front-end_School_HW_1\\src\\store\\user\\index.ts": {"path":"D:\\WEB\\VUE\\genesis\\Front-end_School_HW_1\\src\\store\\user\\index.ts","statementMap":{"0":{"start":{"line":1,"column":0},"end":{"line":1,"column":null}},"1":{"start":{"line":2,"column":0},"end":{"line":2,"column":null}},"2":{"start":{"line":3,"column":0},"end":{"line":3,"column":null}},"3":{"start":{"line":4,"column":0},"end":{"line":4,"column":null}},"4":{"start":{"line":6,"column":15},"end":{"line":6,"column":null}}},"fnMap":{},"branchMap":{},"s":{"0":1,"1":1,"2":1,"3":1,"4":1},"f":{},"b":{}}
,"D:\\WEB\\VUE\\genesis\\Front-end_School_HW_1\\src\\store\\user\\mutations.ts": {"path":"D:\\WEB\\VUE\\genesis\\Front-end_School_HW_1\\src\\store\\user\\mutations.ts","statementMap":{"0":{"start":{"line":5,"column":25},"end":{"line":5,"column":null}},"1":{"start":{"line":7,"column":4},"end":{"line":7,"column":9}},"2":{"start":{"line":10,"column":4},"end":{"line":10,"column":9}}},"fnMap":{"0":{"name":"(anonymous_0)","decl":{"start":{"line":6,"column":2},"end":{"line":6,"column":13}},"loc":{"start":{"line":6,"column":42},"end":{"line":8,"column":null}}},"1":{"name":"(anonymous_1)","decl":{"start":{"line":9,"column":2},"end":{"line":9,"column":13}},"loc":{"start":{"line":9,"column":42},"end":{"line":11,"column":null}}}},"branchMap":{},"s":{"0":1,"1":1,"2":1},"f":{"0":1,"1":1},"b":{}}
,"D:\\WEB\\VUE\\genesis\\Front-end_School_HW_1\\src\\store\\user\\state.ts": {"path":"D:\\WEB\\VUE\\genesis\\Front-end_School_HW_1\\src\\store\\user\\state.ts","statementMap":{"0":{"start":{"line":1,"column":21},"end":{"line":1,"column":null}}},"fnMap":{},"branchMap":{},"s":{"0":1},"f":{},"b":{}}
,"D:\\WEB\\VUE\\genesis\\Front-end_School_HW_1\\src\\views\\Home.vue": {"path":"D:\\WEB\\VUE\\genesis\\Front-end_School_HW_1\\src\\views\\Home.vue","statementMap":{"0":{"start":{"line":16,"column":0},"end":{"line":16,"column":null}},"1":{"start":{"line":17,"column":0},"end":{"line":17,"column":null}},"2":{"start":{"line":18,"column":0},"end":{"line":18,"column":null}},"3":{"start":{"line":24,"column":0},"end":{"line":24,"column":null}},"4":{"start":{"line":31,"column":0},"end":{"line":37,"column":null}},"5":{"start":{"line":32,"column":0},"end":{"line":32,"column":null}},"6":{"start":{"line":33,"column":0},"end":{"line":33,"column":null}},"7":{"start":{"line":35,"column":0},"end":{"line":35,"column":null}},"8":{"start":{"line":36,"column":0},"end":{"line":36,"column":null}},"9":{"start":{"line":46,"column":0},"end":{"line":46,"column":null}}},"fnMap":{"0":{"name":"(anonymous_1)","decl":{"start":{"line":23,"column":0},"end":{"line":23,"column":null}},"loc":{"start":{"line":23,"column":0},"end":{"line":27,"column":null}}},"1":{"name":"(anonymous_2)","decl":{"start":{"line":30,"column":0},"end":{"line":30,"column":null}},"loc":{"start":{"line":30,"column":0},"end":{"line":38,"column":null}}},"2":{"name":"(anonymous_3)","decl":{"start":{"line":45,"column":0},"end":{"line":45,"column":null}},"loc":{"start":{"line":45,"column":0},"end":{"line":47,"column":null}}}},"branchMap":{},"s":{"0":1,"1":1,"2":1,"3":1,"4":1,"5":1,"6":1,"7":0,"8":0,"9":1},"f":{"0":1,"1":1,"2":1},"b":{}}
,"D:\\WEB\\VUE\\genesis\\Front-end_School_HW_1\\src\\views\\NotFound.vue": {"path":"D:\\WEB\\VUE\\genesis\\Front-end_School_HW_1\\src\\views\\NotFound.vue","statementMap":{"0":{"start":{"line":9,"column":0},"end":{"line":9,"column":null}},"1":{"start":{"line":15,"column":0},"end":{"line":15,"column":null}}},"fnMap":{"0":{"name":"(anonymous_1)","decl":{"start":{"line":14,"column":0},"end":{"line":14,"column":null}},"loc":{"start":{"line":14,"column":0},"end":{"line":16,"column":null}}}},"branchMap":{},"s":{"0":1,"1":0},"f":{"0":0},"b":{}}
,"D:\\WEB\\VUE\\genesis\\Front-end_School_HW_1\\src\\views\\Profile.vue": {"path":"D:\\WEB\\VUE\\genesis\\Front-end_School_HW_1\\src\\views\\Profile.vue","statementMap":{"0":{"start":{"line":67,"column":0},"end":{"line":67,"column":null}},"1":{"start":{"line":68,"column":0},"end":{"line":68,"column":null}},"2":{"start":{"line":70,"column":0},"end":{"line":70,"column":null}},"3":{"start":{"line":76,"column":0},"end":{"line":76,"column":null}},"4":{"start":{"line":88,"column":0},"end":{"line":88,"column":null}},"5":{"start":{"line":90,"column":0},"end":{"line":102,"column":null}},"6":{"start":{"line":91,"column":0},"end":{"line":91,"column":null}},"7":{"start":{"line":92,"column":0},"end":{"line":92,"column":null}},"8":{"start":{"line":94,"column":0},"end":{"line":94,"column":null}},"9":{"start":{"line":95,"column":0},"end":{"line":95,"column":null}},"10":{"start":{"line":97,"column":0},"end":{"line":97,"column":null}},"11":{"start":{"line":98,"column":0},"end":{"line":98,"column":null}},"12":{"start":{"line":100,"column":0},"end":{"line":100,"column":null}},"13":{"start":{"line":101,"column":0},"end":{"line":101,"column":null}}},"fnMap":{"0":{"name":"(anonymous_1)","decl":{"start":{"line":75,"column":0},"end":{"line":75,"column":null}},"loc":{"start":{"line":75,"column":0},"end":{"line":81,"column":null}}},"1":{"name":"(anonymous_2)","decl":{"start":{"line":87,"column":0},"end":{"line":87,"column":null}},"loc":{"start":{"line":87,"column":0},"end":{"line":103,"column":null}}}},"branchMap":{},"s":{"0":1,"1":1,"2":1,"3":5,"4":5,"5":5,"6":5,"7":5,"8":5,"9":5,"10":5,"11":5,"12":0,"13":0},"f":{"0":5,"1":5},"b":{}}
}
