TN:
SF:D:\WEB\VUE\genesis\Front-end_School_HW_1\src\api\rapidapi.ts
FNF:0
FNH:0
DA:1,6
DA:3,6
DA:4,6
DA:5,6
DA:7,6
DA:9,6
DA:14,6
LF:7
LH:7
BRF:0
BRH:0
end_of_record
TN:
SF:D:\WEB\VUE\genesis\Front-end_School_HW_1\src\components\Card.vue
FN:134,(anonymous_1)
FN:146,(anonymous_2)
FN:170,(anonymous_3)
FN:177,(anonymous_4)
FN:182,(anonymous_5)
FNF:5
FNH:3
FNDA:16,(anonymous_1)
FNDA:0,(anonymous_2)
FNDA:16,(anonymous_3)
FNDA:16,(anonymous_4)
FNDA:0,(anonymous_5)
DA:119,2
DA:121,2
DA:135,16
DA:147,0
DA:148,0
DA:149,0
DA:151,0
DA:154,0
DA:155,0
DA:159,0
DA:160,0
DA:164,0
DA:171,16
DA:172,16
DA:178,16
DA:179,16
DA:180,16
DA:182,16
DA:183,0
LF:19
LH:9
BRDA:151,0,0,0
BRDA:151,0,1,0
BRDA:151,1,0,0
BRDA:151,1,1,0
BRDA:154,2,0,0
BRDA:154,2,1,0
BRDA:155,3,0,0
BRDA:155,3,1,0
BRDA:155,4,0,0
BRDA:155,4,1,0
BRDA:159,5,0,0
BRDA:159,5,1,0
BRDA:160,6,0,0
BRDA:160,6,1,0
BRDA:160,7,0,0
BRDA:160,7,1,0
BRF:16
BRH:0
end_of_record
TN:
SF:D:\WEB\VUE\genesis\Front-end_School_HW_1\src\components\Header.vue
FNF:0
FNH:0
DA:39,1
LF:1
LH:1
BRF:0
BRH:0
end_of_record
TN:
SF:D:\WEB\VUE\genesis\Front-end_School_HW_1\src\components\Loader.vue
FNF:0
FNH:0
DA:17,5
LF:1
LH:1
BRF:0
BRH:0
end_of_record
TN:
SF:D:\WEB\VUE\genesis\Front-end_School_HW_1\src\components\SideBar.vue
FN:86,(anonymous_1)
FNF:1
FNH:0
FNDA:0,(anonymous_1)
DA:76,1
DA:78,1
DA:87,0
LF:3
LH:2
BRF:0
BRH:0
end_of_record
TN:
SF:D:\WEB\VUE\genesis\Front-end_School_HW_1\src\components\SmallVideo.vue
FN:24,(anonymous_1)
FNF:1
FNH:1
FNDA:1,(anonymous_1)
DA:18,2
DA:20,2
DA:25,1
LF:3
LH:3
BRF:0
BRH:0
end_of_record
TN:
SF:D:\WEB\VUE\genesis\Front-end_School_HW_1\src\heplers\shortNumber.filter.ts
FN:1,shortNumber
FNF:1
FNH:1
FNDA:4,shortNumber
DA:2,4
DA:3,1
DA:4,1
DA:7,3
DA:8,1
DA:9,1
DA:12,2
DA:13,2
DA:14,2
LF:9
LH:9
BRDA:2,0,0,1
BRDA:2,0,1,3
BRDA:7,1,0,1
BRDA:7,1,1,2
BRDA:7,2,0,3
BRDA:7,2,1,3
BRDA:12,3,0,2
BRDA:12,3,1,0
BRDA:12,4,0,2
BRDA:12,4,1,2
BRF:10
BRH:9
end_of_record
TN:
SF:D:\WEB\VUE\genesis\Front-end_School_HW_1\src\mixins\PlayerMixins.vue
FN:7,(anonymous_1)
FN:15,(anonymous_2)
FN:22,(anonymous_3)
FN:34,(anonymous_4)
FN:40,(anonymous_5)
FN:46,(anonymous_6)
FN:53,(anonymous_7)
FN:58,(anonymous_8)
FN:64,(anonymous_9)
FNF:9
FNH:8
FNDA:34,(anonymous_1)
FNDA:1,(anonymous_2)
FNDA:1,(anonymous_3)
FNDA:2,(anonymous_4)
FNDA:3,(anonymous_5)
FNDA:0,(anonymous_6)
FNDA:1,(anonymous_7)
FNDA:22,(anonymous_8)
FNDA:1,(anonymous_9)
DA:2,4
DA:3,4
DA:8,34
DA:16,1
DA:17,1
DA:19,0
DA:23,1
DA:24,1
DA:25,0
DA:26,0
DA:27,0
DA:29,1
DA:30,1
DA:31,1
DA:35,2
DA:36,2
DA:37,2
DA:38,2
DA:41,3
DA:42,3
DA:43,3
DA:44,3
DA:47,0
DA:48,0
DA:49,0
DA:50,0
DA:51,0
DA:54,1
DA:55,1
DA:56,1
DA:59,22
DA:60,22
DA:61,22
DA:62,22
DA:65,1
LF:35
LH:26
BRDA:16,0,0,1
BRDA:16,0,1,0
BRDA:24,1,0,0
BRDA:24,1,1,1
BRDA:54,2,0,1
BRDA:54,2,1,0
BRDA:59,3,0,22
BRDA:59,3,1,0
BRDA:61,4,0,22
BRDA:61,4,1,0
BRDA:62,5,0,22
BRDA:62,5,1,0
BRF:12
BRH:6
end_of_record
TN:
SF:D:\WEB\VUE\genesis\Front-end_School_HW_1\src\services\getTrandingFeed.ts
FN:4,(anonymous_0)
FN:9,(anonymous_1)
FN:13,(anonymous_2)
FNF:3
FNH:1
FNDA:1,(anonymous_0)
FNDA:0,(anonymous_1)
FNDA:0,(anonymous_2)
DA:1,3
DA:2,3
DA:4,3
DA:5,1
DA:6,1
DA:9,0
DA:10,0
DA:13,0
DA:14,0
LF:9
LH:5
BRF:0
BRH:0
end_of_record
TN:
SF:D:\WEB\VUE\genesis\Front-end_School_HW_1\src\services\getUserFeed.ts
FN:4,(anonymous_0)
FN:9,(anonymous_1)
FN:13,(anonymous_2)
FNF:3
FNH:1
FNDA:1,(anonymous_0)
FNDA:0,(anonymous_1)
FNDA:0,(anonymous_2)
DA:1,2
DA:2,2
DA:4,2
DA:5,1
DA:6,1
DA:9,0
DA:10,0
DA:13,0
DA:14,0
LF:9
LH:5
BRF:0
BRH:0
end_of_record
TN:
SF:D:\WEB\VUE\genesis\Front-end_School_HW_1\src\services\getUserInfo.ts
FN:4,(anonymous_0)
FN:9,(anonymous_1)
FN:13,(anonymous_2)
FNF:3
FNH:1
FNDA:1,(anonymous_0)
FNDA:0,(anonymous_1)
FNDA:0,(anonymous_2)
DA:1,2
DA:2,2
DA:4,2
DA:5,1
DA:6,1
DA:9,0
DA:10,0
DA:13,0
DA:14,0
LF:9
LH:5
BRF:0
BRH:0
end_of_record
TN:
SF:D:\WEB\VUE\genesis\Front-end_School_HW_1\src\store\error\getters.ts
FN:4,(anonymous_0)
FNF:1
FNH:1
FNDA:4,(anonymous_0)
DA:3,2
DA:4,4
LF:2
LH:2
BRF:0
BRH:0
end_of_record
TN:
SF:D:\WEB\VUE\genesis\Front-end_School_HW_1\src\store\error\index.ts
FNF:0
FNH:0
DA:1,2
DA:2,2
DA:3,2
DA:5,2
LF:4
LH:4
BRF:0
BRH:0
end_of_record
TN:
SF:D:\WEB\VUE\genesis\Front-end_School_HW_1\src\store\error\mutations.ts
FN:4,(anonymous_0)
FN:7,(anonymous_1)
FNF:2
FNH:2
FNDA:2,(anonymous_0)
FNDA:1,(anonymous_1)
DA:3,2
DA:5,2
DA:8,1
LF:3
LH:3
BRF:0
BRH:0
end_of_record
TN:
SF:D:\WEB\VUE\genesis\Front-end_School_HW_1\src\store\error\state.ts
FNF:0
FNH:0
DA:1,2
LF:1
LH:1
BRF:0
BRH:0
end_of_record
TN:
SF:D:\WEB\VUE\genesis\Front-end_School_HW_1\src\store\player\actions.ts
FN:4,(anonymous_0)
FN:20,(anonymous_1)
FN:27,(anonymous_2)
FNF:3
FNH:2
FNDA:0,(anonymous_0)
FNDA:1,(anonymous_1)
FNDA:1,(anonymous_2)
DA:3,3
DA:5,0
DA:7,0
DA:9,0
DA:10,0
DA:12,0
DA:13,0
DA:14,0
DA:16,0
DA:21,1
DA:23,1
DA:24,1
DA:28,1
DA:30,1
DA:31,1
LF:15
LH:7
BRDA:5,0,0,0
BRDA:5,0,1,0
BRDA:7,1,0,0
BRDA:7,1,1,0
BRDA:12,2,0,0
BRDA:12,2,1,0
BRDA:13,3,0,0
BRDA:13,3,1,0
BRF:8
BRH:0
end_of_record
TN:
SF:D:\WEB\VUE\genesis\Front-end_School_HW_1\src\store\player\getters.ts
FN:4,(anonymous_0)
FN:5,(anonymous_1)
FNF:2
FNH:2
FNDA:3,(anonymous_0)
FNDA:3,(anonymous_1)
DA:3,3
DA:4,3
DA:5,3
LF:3
LH:3
BRF:0
BRH:0
end_of_record
TN:
SF:D:\WEB\VUE\genesis\Front-end_School_HW_1\src\store\player\index.ts
FNF:0
FNH:0
DA:1,3
DA:2,3
DA:3,3
DA:4,3
DA:6,3
LF:5
LH:5
BRF:0
BRH:0
end_of_record
TN:
SF:D:\WEB\VUE\genesis\Front-end_School_HW_1\src\store\player\mutations.ts
FN:4,(anonymous_0)
FN:7,(anonymous_1)
FNF:2
FNH:2
FNDA:2,(anonymous_0)
FNDA:2,(anonymous_1)
DA:3,3
DA:5,2
DA:8,2
LF:3
LH:3
BRF:0
BRH:0
end_of_record
TN:
SF:D:\WEB\VUE\genesis\Front-end_School_HW_1\src\store\player\state.ts
FNF:0
FNH:0
DA:1,3
LF:1
LH:1
BRF:0
BRH:0
end_of_record
TN:
SF:D:\WEB\VUE\genesis\Front-end_School_HW_1\src\store\trending\actions.ts
FN:6,(anonymous_0)
FNF:1
FNH:0
FNDA:0,(anonymous_0)
DA:2,2
DA:5,2
DA:7,0
DA:9,0
DA:10,0
LF:5
LH:2
BRF:0
BRH:0
end_of_record
TN:
SF:D:\WEB\VUE\genesis\Front-end_School_HW_1\src\store\trending\getters.ts
FN:4,(anonymous_0)
FNF:1
FNH:1
FNDA:6,(anonymous_0)
DA:3,2
DA:4,6
LF:2
LH:2
BRF:0
BRH:0
end_of_record
TN:
SF:D:\WEB\VUE\genesis\Front-end_School_HW_1\src\store\trending\index.ts
FNF:0
FNH:0
DA:1,2
DA:2,2
DA:3,2
DA:4,2
DA:6,2
LF:5
LH:5
BRF:0
BRH:0
end_of_record
TN:
SF:D:\WEB\VUE\genesis\Front-end_School_HW_1\src\store\trending\mutations.ts
FN:5,(anonymous_0)
FN:8,(anonymous_1)
FNF:2
FNH:2
FNDA:2,(anonymous_0)
FNDA:1,(anonymous_1)
DA:4,2
DA:6,2
DA:9,1
LF:3
LH:3
BRF:0
BRH:0
end_of_record
TN:
SF:D:\WEB\VUE\genesis\Front-end_School_HW_1\src\store\trending\state.ts
FNF:0
FNH:0
DA:1,2
LF:1
LH:1
BRF:0
BRH:0
end_of_record
TN:
SF:D:\WEB\VUE\genesis\Front-end_School_HW_1\src\store\user\actions.ts
FN:6,(anonymous_0)
FN:12,(anonymous_1)
FNF:2
FNH:0
FNDA:0,(anonymous_0)
FNDA:0,(anonymous_1)
DA:1,1
DA:2,1
DA:5,1
DA:7,0
DA:8,0
DA:9,0
DA:13,0
DA:14,0
DA:15,0
LF:9
LH:3
BRF:0
BRH:0
end_of_record
TN:
SF:D:\WEB\VUE\genesis\Front-end_School_HW_1\src\store\user\getters.ts
FN:4,(anonymous_0)
FN:5,(anonymous_1)
FNF:2
FNH:2
FNDA:2,(anonymous_0)
FNDA:2,(anonymous_1)
DA:3,2
DA:4,2
DA:5,2
LF:3
LH:3
BRF:0
BRH:0
end_of_record
TN:
SF:D:\WEB\VUE\genesis\Front-end_School_HW_1\src\store\user\index.ts
FNF:0
FNH:0
DA:1,1
DA:2,1
DA:3,1
DA:4,1
DA:6,1
LF:5
LH:5
BRF:0
BRH:0
end_of_record
TN:
SF:D:\WEB\VUE\genesis\Front-end_School_HW_1\src\store\user\mutations.ts
FN:6,(anonymous_0)
FN:9,(anonymous_1)
FNF:2
FNH:2
FNDA:1,(anonymous_0)
FNDA:1,(anonymous_1)
DA:5,1
DA:7,1
DA:10,1
LF:3
LH:3
BRF:0
BRH:0
end_of_record
TN:
SF:D:\WEB\VUE\genesis\Front-end_School_HW_1\src\store\user\state.ts
FNF:0
FNH:0
DA:1,1
LF:1
LH:1
BRF:0
BRH:0
end_of_record
TN:
SF:D:\WEB\VUE\genesis\Front-end_School_HW_1\src\views\Home.vue
FN:23,(anonymous_1)
FN:30,(anonymous_2)
FN:45,(anonymous_3)
FNF:3
FNH:3
FNDA:1,(anonymous_1)
FNDA:1,(anonymous_2)
FNDA:1,(anonymous_3)
DA:16,1
DA:17,1
DA:18,1
DA:24,1
DA:31,1
DA:32,1
DA:33,1
DA:35,0
DA:36,0
DA:46,1
LF:10
LH:8
BRF:0
BRH:0
end_of_record
TN:
SF:D:\WEB\VUE\genesis\Front-end_School_HW_1\src\views\NotFound.vue
FN:14,(anonymous_1)
FNF:1
FNH:0
FNDA:0,(anonymous_1)
DA:9,1
DA:15,0
LF:2
LH:1
BRF:0
BRH:0
end_of_record
TN:
SF:D:\WEB\VUE\genesis\Front-end_School_HW_1\src\views\Profile.vue
FN:75,(anonymous_1)
FN:87,(anonymous_2)
FNF:2
FNH:2
FNDA:5,(anonymous_1)
FNDA:5,(anonymous_2)
DA:67,1
DA:68,1
DA:70,1
DA:76,5
DA:88,5
DA:90,5
DA:91,5
DA:92,5
DA:94,5
DA:95,5
DA:97,5
DA:98,5
DA:100,0
DA:101,0
LF:14
LH:12
BRF:0
BRH:0
end_of_record
