TN:
SF:D:\WEB\VUE\genesis\Front-end_School_HW_1\src\api\rapidapi-services.js
FN:7,(anonymous_0)
FN:14,(anonymous_1)
FN:22,(anonymous_2)
FN:30,(anonymous_3)
FN:37,(anonymous_4)
FN:45,(anonymous_5)
FNF:6
FNH:1
FNDA:1,(anonymous_0)
FNDA:0,(anonymous_1)
FNDA:0,(anonymous_2)
FNDA:0,(anonymous_3)
FNDA:0,(anonymous_4)
FNDA:0,(anonymous_5)
DA:2,3
DA:3,3
DA:4,3
DA:5,3
DA:7,3
DA:8,1
DA:9,1
DA:11,0
DA:14,0
DA:15,0
DA:22,3
DA:23,0
DA:24,0
DA:26,0
DA:30,0
DA:31,0
DA:37,3
DA:39,0
DA:40,0
DA:42,0
DA:45,0
DA:46,0
LF:22
LH:9
BRF:0
BRH:0
end_of_record
TN:
SF:D:\WEB\VUE\genesis\Front-end_School_HW_1\src\api\rapidapi.js
FNF:0
FNH:0
DA:1,2
DA:3,2
DA:5,2
DA:7,2
DA:12,2
LF:5
LH:5
BRF:0
BRH:0
end_of_record
TN:
SF:D:\WEB\VUE\genesis\Front-end_School_HW_1\src\components\Card.vue
FN:90,(anonymous_1)
FN:99,(anonymous_2)
FN:117,(anonymous_3)
FN:124,(anonymous_4)
FN:128,(anonymous_5)
FNF:5
FNH:3
FNDA:16,(anonymous_1)
FNDA:0,(anonymous_2)
FNDA:16,(anonymous_3)
FNDA:16,(anonymous_4)
FNDA:0,(anonymous_5)
DA:76,2
DA:78,2
DA:91,16
DA:100,0
DA:101,0
DA:102,0
DA:104,0
DA:105,0
DA:106,0
DA:107,0
DA:108,0
DA:109,0
DA:118,16
DA:119,16
DA:125,16
DA:126,16
DA:128,16
DA:129,0
LF:18
LH:8
BRDA:104,0,0,0
BRDA:104,0,1,0
BRDA:104,1,0,0
BRDA:104,1,1,0
BRDA:105,2,0,0
BRDA:105,2,1,0
BRDA:106,3,0,0
BRDA:106,3,1,0
BRDA:106,4,0,0
BRDA:106,4,1,0
BRDA:107,5,0,0
BRDA:107,5,1,0
BRDA:108,6,0,0
BRDA:108,6,1,0
BRDA:108,7,0,0
BRDA:108,7,1,0
BRF:16
BRH:0
end_of_record
TN:
SF:D:\WEB\VUE\genesis\Front-end_School_HW_1\src\components\SideBar.vue
FN:61,(anonymous_1)
FNF:1
FNH:0
FNDA:0,(anonymous_1)
DA:53,1
DA:62,0
LF:2
LH:1
BRF:0
BRH:0
end_of_record
TN:
SF:D:\WEB\VUE\genesis\Front-end_School_HW_1\src\components\SmallVideo.vue
FN:35,(anonymous_1)
FNF:1
FNH:1
FNDA:5,(anonymous_1)
DA:21,2
DA:22,2
DA:36,5
LF:3
LH:3
BRF:0
BRH:0
end_of_record
TN:
SF:D:\WEB\VUE\genesis\Front-end_School_HW_1\src\filters\shortNumber.filter.js
FN:1,shortNumber
FNF:1
FNH:1
FNDA:4,shortNumber
DA:2,4
DA:3,1
DA:4,1
DA:7,3
DA:8,1
DA:9,1
DA:12,2
DA:13,2
DA:14,2
LF:9
LH:9
BRDA:2,0,0,1
BRDA:2,0,1,3
BRDA:7,1,0,1
BRDA:7,1,1,2
BRDA:7,2,0,3
BRDA:7,2,1,3
BRDA:12,3,0,2
BRDA:12,3,1,0
BRDA:12,4,0,2
BRDA:12,4,1,2
BRF:10
BRH:9
end_of_record
TN:
SF:D:\WEB\VUE\genesis\Front-end_School_HW_1\src\mixins\player.mixins.js
FN:2,(anonymous_0)
FN:10,(anonymous_1)
FN:17,(anonymous_2)
FN:29,(anonymous_3)
FN:35,(anonymous_4)
FN:41,(anonymous_5)
FN:48,(anonymous_6)
FN:53,(anonymous_7)
FN:59,(anonymous_8)
FNF:9
FNH:8
FNDA:21,(anonymous_0)
FNDA:1,(anonymous_1)
FNDA:1,(anonymous_2)
FNDA:3,(anonymous_3)
FNDA:2,(anonymous_4)
FNDA:0,(anonymous_5)
FNDA:1,(anonymous_6)
FNDA:27,(anonymous_7)
FNDA:2,(anonymous_8)
DA:1,4
DA:3,21
DA:11,1
DA:12,0
DA:14,1
DA:18,1
DA:19,1
DA:20,0
DA:21,0
DA:22,0
DA:24,1
DA:25,1
DA:26,1
DA:30,3
DA:31,3
DA:32,3
DA:33,3
DA:36,2
DA:37,2
DA:38,2
DA:39,2
DA:42,0
DA:43,0
DA:44,0
DA:45,0
DA:46,0
DA:49,1
DA:50,1
DA:51,1
DA:54,27
DA:55,27
DA:56,27
DA:57,27
DA:60,2
LF:34
LH:25
BRDA:11,0,0,0
BRDA:11,0,1,1
BRDA:19,1,0,0
BRDA:19,1,1,1
BRDA:49,2,0,1
BRDA:49,2,1,0
BRDA:54,3,0,27
BRDA:54,3,1,0
BRF:8
BRH:4
end_of_record
TN:
SF:D:\WEB\VUE\genesis\Front-end_School_HW_1\src\store\index.js
FN:16,(anonymous_0)
FN:19,(anonymous_1)
FN:25,(anonymous_2)
FNF:3
FNH:3
FNDA:2,(anonymous_0)
FNDA:1,(anonymous_1)
FNDA:4,(anonymous_2)
DA:8,1
DA:17,2
DA:20,1
DA:25,4
LF:4
LH:4
BRF:0
BRH:0
end_of_record
TN:
SF:D:\WEB\VUE\genesis\Front-end_School_HW_1\src\store\player.js
FN:10,(anonymous_0)
FN:13,(anonymous_1)
FN:19,(anonymous_2)
FN:29,(anonymous_3)
FN:33,(anonymous_4)
FN:40,(anonymous_5)
FN:41,(anonymous_6)
FNF:7
FNH:6
FNDA:2,(anonymous_0)
FNDA:2,(anonymous_1)
FNDA:0,(anonymous_2)
FNDA:1,(anonymous_3)
FNDA:1,(anonymous_4)
FNDA:3,(anonymous_5)
FNDA:3,(anonymous_6)
DA:11,2
DA:14,2
DA:20,0
DA:21,0
DA:22,0
DA:24,0
DA:25,0
DA:26,0
DA:30,1
DA:31,1
DA:34,1
DA:35,1
DA:40,3
DA:41,3
LF:14
LH:8
BRDA:20,0,0,0
BRDA:20,0,1,0
BRDA:24,1,0,0
BRDA:24,1,1,0
BRF:4
BRH:0
end_of_record
TN:
SF:D:\WEB\VUE\genesis\Front-end_School_HW_1\src\store\trending.js
FN:11,(anonymous_0)
FN:14,(anonymous_1)
FN:20,(anonymous_2)
FN:28,(anonymous_3)
FNF:4
FNH:3
FNDA:2,(anonymous_0)
FNDA:1,(anonymous_1)
FNDA:0,(anonymous_2)
FNDA:6,(anonymous_3)
DA:12,2
DA:15,1
DA:21,0
DA:23,0
DA:28,6
LF:5
LH:3
BRF:0
BRH:0
end_of_record
TN:
SF:D:\WEB\VUE\genesis\Front-end_School_HW_1\src\store\user.js
FN:10,(anonymous_0)
FN:13,(anonymous_1)
FN:17,(anonymous_2)
FN:20,(anonymous_3)
FN:27,(anonymous_4)
FN:33,(anonymous_5)
FN:41,(anonymous_6)
FN:42,(anonymous_7)
FNF:8
FNH:6
FNDA:2,(anonymous_0)
FNDA:2,(anonymous_1)
FNDA:5,(anonymous_2)
FNDA:5,(anonymous_3)
FNDA:0,(anonymous_4)
FNDA:0,(anonymous_5)
FNDA:9,(anonymous_6)
FNDA:9,(anonymous_7)
DA:11,2
DA:14,2
DA:18,5
DA:21,5
DA:28,0
DA:30,0
DA:34,0
DA:36,0
DA:41,9
DA:42,9
LF:10
LH:6
BRF:0
BRH:0
end_of_record
TN:
SF:D:\WEB\VUE\genesis\Front-end_School_HW_1\src\views\Home.vue
FN:23,(anonymous_1)
FN:33,(anonymous_2)
FNF:2
FNH:2
FNDA:2,(anonymous_1)
FNDA:2,(anonymous_2)
DA:17,1
DA:18,1
DA:24,2
DA:34,2
DA:35,2
DA:36,2
DA:38,0
DA:39,0
LF:8
LH:6
BRF:0
BRH:0
end_of_record
TN:
SF:D:\WEB\VUE\genesis\Front-end_School_HW_1\src\views\NotFound.vue
FN:12,(anonymous_1)
FNF:1
FNH:0
FNDA:0,(anonymous_1)
DA:13,0
LF:1
LH:0
BRF:0
BRH:0
end_of_record
TN:
SF:D:\WEB\VUE\genesis\Front-end_School_HW_1\src\views\Profile.vue
FN:57,(anonymous_1)
FN:69,(anonymous_2)
FNF:2
FNH:2
FNDA:5,(anonymous_1)
FNDA:5,(anonymous_2)
DA:51,1
DA:52,1
DA:58,5
DA:70,5
DA:72,5
DA:73,5
DA:74,5
DA:76,5
DA:77,5
DA:79,5
DA:80,5
DA:82,0
DA:83,0
LF:13
LH:11
BRF:0
BRH:0
end_of_record
